<?xml version="1.0" encoding="UTF-8" ?>
<testsuite tests="8" failures="0" name="TestSuite" time="2.276" errors="0" skipped="8">
  <properties>
[...]
</properties>
  <testcase classname="com.qtpselenium.rediff.hybrid.testcases.portfoliosuite.PortFolioTest" name="createPortFolioTest" time="0.11">
    <skipped/>
    <system-out>[TestNGContentHandler] [WARN] It is strongly recommended to add &quot;&lt;!DOCTYPE suite SYSTEM &quot;http://testng.org/testng-1.0.dtd&quot; &gt;&quot; at the top of your file, otherwise TestNG may fail or not work as expected.
*** PortFolioTest
*** AddDelStockTest
*** BuySellStockTest
*** LoginTest
D:\Document\selenium code\Testng Hybrid Framework\Module 21\Jan 18 release\HybridRediff\Files\PortfolioSuite.xlsx
D:\Document\selenium code\Testng Hybrid Framework\Module 21\Jan 18 release\HybridRediff\Files\StockSuite.xlsx
D:\Document\selenium code\Testng Hybrid Framework\Module 21\Jan 18 release\HybridRediff\Files\StockSuite.xlsx
D:\Document\selenium code\Testng Hybrid Framework\Module 21\Jan 18 release\HybridRediff\Files\PortfolioSuite.xlsx
LoginTest
AddStockTest
Row Number of test is 9
AddStockTest
Total Cols - 8
Total Rows 1
LoginTest
Row Number of test is 1
{Date=5/03/2018, Action=Sell, PurchasePrice=200, PortfolioName=ashish, Runmode=Y, Stock Name=Reliance Inds., Quantity=100, Browser=Chrome}
----------------
Row Number of test is 1
Total Cols - 7
Total Rows 1
{Date=5/03/2018, PurchasePrice=200, PortfolioName=ashish, Runmode=Y, Stock Name=Tata Steel Ltd, Quantity=100, Browser=Chrome}
----------------
Total Cols - 5
Row Number of test is 5
Total Cols - 3
Total Rows 2
{PortfolioName=SamplePort1311, Runmode=Y, Browser=Chrome}
----------------
{PortfolioName=SamplePort1411, Runmode=Y, Browser=Mozilla}
----------------
Total Rows 1
{Username=ashishthakur1983, ExpectedResult=Loginsuccess, Password=pass@1234, Runmode=Y, Browser=Chrome}
----------------
D:\Document\ReportThu_Mar_04_23_45_51_IST_2021//Report.html
D:\Document\ReportThu_Mar_04_23_45_51_IST_2021//Report.html
D:\Document\ReportThu_Mar_04_23_45_51_IST_2021//Report.html
D:\Document\ReportThu_Mar_04_23_45_51_IST_2021//Report.html
</system-out>
  </testcase>
  <testcase classname="com.qtpselenium.rediff.hybrid.testcases.stocksuite.AddDelStockTest" name="addStockTest" time="0.219">
    <skipped/>
  </testcase>
  <testcase classname="com.qtpselenium.rediff.hybrid.testcases.stocksuite.AddDelStockTest" name="deleteStockTest" time="0">
    <skipped/>
    <system-out>AddStockTest
Row Number of test is 5
Total Cols - 4
Total Rows 1
{PortfolioName=ashish, Runmode=Y, Stock Name=Tata Steel Ltd., Browser=Chrome}
----------------
</system-out>
    <system-err>log4j:WARN No appenders could be found for logger (freemarker.cache).
log4j:WARN Please initialize the log4j system properly.
</system-err>
  </testcase>
  <testcase classname="com.qtpselenium.rediff.hybrid.testcases.stocksuite.BuySellStockTest" name="buyOrSellStockTest" time="0.332">
    <skipped/>
  </testcase>
  <testcase classname="com.qtpselenium.rediff.hybrid.testcases.portfoliosuite.LoginTest" name="loginTest" time="0.003">
    <skipped/>
  </testcase>
  <testcase classname="com.qtpselenium.rediff.hybrid.testcases.stocksuite.BuySellStockTest" name="checkTransactionHistoryTest" time="0.309">
    <skipped/>
  </testcase>
  <testcase classname="com.qtpselenium.rediff.hybrid.testcases.portfoliosuite.PortFolioTest" name="createPortFolioTest" time="0.526">
    <skipped/>
  </testcase>
  <testcase classname="com.qtpselenium.rediff.hybrid.testcases.portfoliosuite.PortFolioTest" name="deletePortFolioTest" time="0.777">
    <skipped/>
  </testcase>
</testsuite>