<?xml version="1.0" encoding="UTF-8"?>
<!-- Generated by org.testng.reporters.JUnitXMLReporter -->
<testsuite hostname="Bhanu" ignored="0" name="Add Delete Stock Test" tests="2" failures="0" timestamp="04 Mar 2021 18:31:25 GMT" time="1.156" errors="0">
  <testcase name="addStockTest" time="0.005" classname="com.qtpselenium.rediff.hybrid.testcases.stocksuite.AddDelStockTest">
    <skipped/>
  </testcase> <!-- addStockTest -->
  <testcase name="deleteStockTest" time="0.004" classname="com.qtpselenium.rediff.hybrid.testcases.stocksuite.AddDelStockTest">
    <skipped/>
  </testcase> <!-- deleteStockTest -->
</testsuite> <!-- Add Delete Stock Test -->
