<?xml version="1.0" encoding="UTF-8"?>
<!-- Generated by org.testng.reporters.JUnitXMLReporter -->
<testsuite hostname="Bhanu" ignored="0" name="Portfolio Test" tests="2" failures="0" timestamp="04 Mar 2021 18:31:25 GMT" time="0.497" errors="0">
  <testcase name="buyOrSellStockTest" time="0.049" classname="com.qtpselenium.rediff.hybrid.testcases.stocksuite.BuySellStockTest">
    <skipped/>
  </testcase> <!-- buyOrSellStockTest -->
  <testcase name="checkTransactionHistoryTest" time="0.0" classname="com.qtpselenium.rediff.hybrid.testcases.stocksuite.BuySellStockTest">
    <skipped/>
  </testcase> <!-- checkTransactionHistoryTest -->
</testsuite> <!-- Portfolio Test -->
